<?xml version="1.0" encoding="UTF-8"?>
<!-- Generated by org.testng.reporters.JUnitReportReporter -->
<testsuite hostname="GK" failures="0" tests="1" name="maven3.readandwritefile" time="0.530" errors="0" timestamp="2023-03-30T20:43:43 IST" skipped="0">
  <testcase classname="maven3.readandwritefile" name="t1" time="0.530"/>
  <system-out/>
</testsuite> <!-- maven3.readandwritefile -->
