<?xml version="1.0" encoding="UTF-8"?>
<!-- Generated by org.testng.reporters.JUnitReportReporter -->
<testsuite hostname="GK" failures="0" tests="1" name="maven1.m2" time="6.555" errors="0" timestamp="2023-04-07T09:54:04 IST" skipped="0">
  <testcase classname="maven1.m2" name="t2" time="6.555"/>
  <system-out/>
</testsuite> <!-- maven1.m2 -->
