<?xml version="1.0" encoding="UTF-8"?>
<!-- Generated by org.testng.reporters.JUnitReportReporter -->
<testsuite hostname="GK" failures="0" tests="1" name="maven2.m3" time="10.079" errors="0" timestamp="2023-03-29T19:04:45 IST" skipped="0">
  <testcase classname="maven2.m3" name="t3" time="10.079"/>
  <system-out/>
</testsuite> <!-- maven2.m3 -->
