<?xml version="1.0" encoding="UTF-8"?>
<!-- Generated by org.testng.reporters.JUnitReportReporter -->
<testsuite hostname="GK" failures="0" tests="1" name="maven2.m4" time="10.896" errors="0" timestamp="2023-03-30T20:21:37 IST" skipped="0">
  <testcase classname="maven2.m4" name="t4" time="10.896"/>
  <system-out/>
</testsuite> <!-- maven2.m4 -->
