<?xml version="1.0" encoding="UTF-8"?>
<!-- Generated by org.testng.reporters.JUnitReportReporter -->
<testsuite hostname="GK" failures="0" tests="1" name="extendreport.e1" time="6.998" errors="0" timestamp="2023-04-04T09:30:58 IST" skipped="0">
  <testcase classname="extendreport.e1" name="extentReportsDemo" time="6.998"/>
  <system-out/>
</testsuite> <!-- extendreport.e1 -->
