<?xml version="1.0" encoding="UTF-8"?>
<!-- Generated by org.testng.reporters.JUnitReportReporter -->
<testsuite hostname="GK" failures="0" tests="1" name="maven1.m1" time="6.394" errors="0" timestamp="2023-03-29T19:04:45 IST" skipped="0">
  <testcase classname="maven1.m1" name="t1" time="6.394"/>
  <system-out/>
</testsuite> <!-- maven1.m1 -->
